2025-05-07 14:30:02: INFO: ----Test Case execution started-------
2025-05-07 14:30:02: INFO: ----test_TC1_loginToApp_titleValidation-------
2025-05-07 14:30:03: INFO: ----Passed- Act & Exp Title match----
2025-05-07 14:30:52: INFO: ----Test Case execution started-------
2025-05-07 14:30:52: INFO: ----test_TC1_loginToApp_titleValidation-------
2025-05-07 14:30:53: INFO: ----Passed- Act & Exp Title match----
2025-05-12 12:52:51: INFO: ----Test Case execution started-------
2025-05-12 12:52:51: INFO: ----test_TC1_loginToApp_titleValidation-------
2025-05-12 12:53:56: INFO: ----Test Case execution started-------
2025-05-12 12:53:56: INFO: ----test_TC1_loginToApp_titleValidation-------
2025-05-12 13:28:17: INFO: ----Test Case execution started-------
2025-05-12 13:28:17: INFO: ----test_TC1_loginToApp_titleValidation-------
2025-05-12 16:14:35: INFO: ----Test Case execution started-------
2025-05-12 16:14:35: INFO: ----test_TC1_loginToApp_titleValidation-------
2025-05-12 16:16:22: INFO: ----Test Case execution started-------
2025-05-12 16:16:22: INFO: ----test_TC1_loginToApp_titleValidation-------
2025-05-12 16:19:48: INFO: ----Test Case execution started-------
2025-05-12 16:19:48: INFO: ----test_TC1_loginToApp_titleValidation-------
2025-05-12 16:20:56: INFO: ----Test Case execution started-------
2025-05-12 16:20:56: INFO: ----test_TC1_loginToApp_titleValidation-------
2025-05-12 16:22:33: INFO: ----Test Case execution started-------
2025-05-12 16:22:33: INFO: ----test_TC1_loginToApp_titleValidation-------
2025-05-12 16:24:16: INFO: ----Test Case execution started-------
2025-05-12 16:24:16: INFO: ----test_TC1_loginToApp_titleValidation-------
2025-05-12 16:25:21: INFO: ----Test Case execution started-------
2025-05-12 16:25:21: INFO: ----test_TC1_loginToApp_titleValidation-------
2025-05-12 16:25:23: INFO: ----Passed- Act & Exp Title match----
2025-05-12 16:27:49: INFO: ----Test Case execution started-------
2025-05-12 16:27:49: INFO: ----test_TC1_loginToApp_titleValidation-------
2025-05-12 16:27:52: INFO: ----Passed- Act & Exp Title match----
2025-05-13 14:30:10: INFO: ----Test Case execution started-------
2025-05-13 14:30:10: INFO: ----test_TC1_loginToApp_titleValidation-------
2025-05-13 14:30:11: INFO: ----Passed- Act & Exp Title match----
2025-05-13 14:33:34: INFO: ----Test Case execution started-------
2025-05-13 14:33:34: INFO: ----test_TC1_loginToApp_titleValidation-------
2025-05-13 14:33:35: INFO: ----Passed- Act & Exp Title match----
2025-05-13 14:34:54: INFO: ----Test Case execution started-------
2025-05-13 14:34:54: INFO: ----test_TC1_loginToApp_titleValidation-------
2025-05-13 14:34:55: INFO: ----Passed- Act & Exp Title match----
2025-05-13 14:35:57: INFO: ----Test Case execution started-------
2025-05-13 14:35:57: INFO: ----test_TC1_loginToApp_titleValidation-------
2025-05-13 14:35:59: INFO: ----Passed- Act & Exp Title match----
2025-05-14 15:56:28: INFO: ----Test Case execution started-------
2025-05-14 15:56:28: INFO: ----test_TC1_loginToApp_titleValidation-------
2025-05-14 15:56:28: INFO: ----Passed- Act & Exp Title match----
2025-05-14 15:57:32: INFO: ----Test Case execution started-------
2025-05-14 15:57:32: INFO: ----test_TC1_loginToApp_titleValidation-------
2025-05-14 15:57:32: INFO: ----Passed- Act & Exp Title match----
2025-05-14 15:58:46: INFO: ----Test Case execution started-------
2025-05-14 15:58:46: INFO: ----test_TC1_loginToApp_titleValidation-------
2025-05-14 15:58:47: INFO: ----Test Case execution started-------
2025-05-14 15:58:47: INFO: ----test_TC2_Verify_ProductName-------
2025-05-14 15:58:47: INFO: ----Passed- Act & Exp Title match----
2025-05-14 15:58:47: INFO: ----Passed- Act & Exp product Name match----
2025-05-15 19:41:35: ERROR: ----Product Price Mismatch----
2025-05-15 19:44:13: ERROR: ----Product Price Mismatch----
2025-05-15 21:49:30: ERROR: ----Product Price Mismatch----
2025-05-15 21:50:57: ERROR: ----Product Price Mismatch----
2025-05-15 21:52:51: ERROR: ----Product Price Mismatch----
2025-05-15 21:53:34: ERROR: ----Product Price Mismatch----
2025-05-15 21:56:12: ERROR: ----Product Price Mismatch----
2025-05-15 21:58:49: ERROR: ----Product Price Mismatch----
2025-05-15 21:59:28: ERROR: ----Product Price Mismatch----
2025-05-15 22:05:18: ERROR: ----Product Price Mismatch----
2025-05-15 22:05:43: ERROR: ----Product Price Mismatch----
2025-05-15 22:06:31: ERROR: ----Product Price Mismatch----
2025-05-15 22:07:13: ERROR: ----Product Price Mismatch----
2025-05-15 22:07:55: ERROR: ----Product Price Mismatch----
2025-05-15 22:09:52: ERROR: ----Product Price Mismatch----
2025-05-15 22:18:52: ERROR: ----Product Price Mismatch----
2025-05-15 22:19:48: ERROR: ----Product Price Mismatch----
2025-05-15 22:50:47: ERROR: ----No of product mismatch----
2025-05-15 22:53:01: ERROR: ----No of product mismatch----
2025-05-16 14:28:07: INFO: ----Passed- Act & Exp product Price match----
2025-05-16 14:29:25: INFO: ----Passed- Act & Exp product Price match----
2025-05-16 14:38:17: INFO: ----Passed- Act & Exp product Price match----
2025-05-16 14:38:35: INFO: ----Passed- Act & Exp product Size match----
2025-05-16 16:44:43: INFO: ----Passed- Act & Exp product Price match----
2025-05-19 14:34:10: WARNING: There was an error managing chromedriver (error sending request for url (https://googlechromelabs.github.io/chrome-for-testing/known-good-versions-with-downloads.json)); using driver found in the cache
2025-05-19 14:34:10: WARNING: Error sending stats to Plausible: error sending request for url (https://plausible.io/api/event)
2025-05-19 14:45:27: INFO: ----test_TC5_verifyProductAllPrice-------
2025-05-19 14:45:27: INFO: ----Passed- Act & Exp Total Price match----
2025-05-22 11:40:30: INFO: ----Test Case execution started-------
2025-05-22 11:40:30: INFO: ----test_TC1_loginToApp_titleValidation-------
2025-05-22 11:40:31: INFO: ----Passed- Act & Exp Title match----
2025-05-22 11:40:34: INFO: ----Test Case execution started-------
2025-05-22 11:40:34: INFO: ----test_TC2_Verify_ProductName-------
2025-05-22 11:40:35: INFO: ----Passed- Act & Exp product Name match----
2025-05-22 11:40:37: INFO: ----Passed- Act & Exp product Price match----
2025-05-22 11:40:40: INFO: ----Passed- Act & Exp product Size match----
2025-05-22 11:40:42: INFO: ----test_TC5_verifyProductAllPrice-------
2025-05-22 11:40:42: INFO: ----Passed- Act & Exp Total Price match----
